2025-07-03 20:53:07,964 [INFO] main: ============================================================
2025-07-03 20:53:07,965 [INFO] main: 📡  ECNU实验室安全检测系统 启动
2025-07-03 20:53:07,965 [INFO] main: ------------------------------------------------------------
2025-07-03 20:53:07,965 [INFO] main: 👤 当前用户    ：a
2025-07-03 20:53:07,965 [INFO] main: ⏰ 启动时间    ：2025-07-03 20:53:07
2025-07-03 20:53:07,965 [INFO] main: ------------------------------------------------------------
2025-07-03 20:53:07,965 [INFO] main: © 2025 Lab716 · All rights reserved
2025-07-03 20:53:07,966 [INFO] main: ============================================================
2025-07-03 20:53:07,967 [INFO] main: [启动] 摄像头：1
2025-07-03 20:53:07,968 [INFO] main: [启动] 摄像头：2
2025-07-03 20:53:07,968 [INFO] main: [启动] 摄像头：3
2025-07-03 20:53:07,969 [INFO] main: [启动] 摄像头：4
2025-07-03 20:53:07,969 [INFO] main: [启动] 摄像头：5
2025-07-03 20:53:07,970 [INFO] main: [启动] 摄像头：6
2025-07-03 20:53:07,970 [INFO] main: [启动] 摄像头：7
2025-07-03 20:53:07,971 [INFO] main: [启动] 摄像头：8
2025-07-03 20:53:07,972 [INFO] main: [启动] 摄像头：9
2025-07-03 20:53:07,972 [INFO] main: [启动] 摄像头：10
2025-07-03 20:53:07,973 [INFO] main: [启动] 摄像头：11
2025-07-03 20:53:07,974 [INFO] main: [启动] 摄像头：12
2025-07-03 20:53:07,974 [INFO] main: [启动] 摄像头：13
2025-07-03 20:53:07,975 [INFO] main: [启动] 摄像头：14
2025-07-03 20:53:07,975 [INFO] main: [启动] 摄像头：15
2025-07-03 20:53:07,976 [INFO] main: [启动] 摄像头：16
2025-07-03 20:53:07,976 [INFO] main: [启动] 摄像头：17
2025-07-03 20:53:07,977 [INFO] main: [启动] 摄像头：18
2025-07-03 20:53:07,978 [INFO] main: [启动] 摄像头：19
2025-07-03 20:53:07,979 [INFO] main: [启动] 摄像头：20
2025-07-03 20:53:09,756 [INFO] main: 2025-07-03 20:53:09.756845，1号房间1号摄像头检测出1人未穿 **coat** 任务执行完成，运行时间为：0.5010814666748047
2025-07-03 20:53:10,883 [INFO] main: 2025-07-03 20:53:10.883433，2号房间2号摄像头检测出1人未穿 **coat** 任务执行完成，运行时间为：0.03359842300415039
2025-07-03 20:53:12,010 [INFO] main: 2025-07-03 20:53:12.009825，4号房间4号摄像头检测出1人未穿 **coat** 任务执行完成，运行时间为：0.033998727798461914
2025-07-03 20:53:13,132 [INFO] main: 2025-07-03 20:53:13.132808，6号房间6号摄像头检测出0人未穿 **coat** 任务执行完成，运行时间为：0.030991792678833008
2025-07-03 20:53:14,194 [INFO] main: 2025-07-03 20:53:14.194679，1号房间1号摄像头检测出0人未穿 **coat** 任务执行完成，运行时间为：0.027439117431640625
2025-07-03 20:53:14,256 [INFO] main: 2025-07-03 20:53:14.256654，8号房间8号摄像头检测出1人未穿 **coat** 任务执行完成，运行时间为：0.03413677215576172
2025-07-03 20:53:15,372 [INFO] main: 2025-07-03 20:53:15.372247，2号房间2号摄像头检测出1人未穿 **coat** 任务执行完成，运行时间为：0.031005859375
2025-07-03 20:53:15,481 [INFO] main: 2025-07-03 20:53:15.481446，12号房间12号摄像头检测出1人未穿 **coat** 任务执行完成，运行时间为：0.030999422073364258
2025-07-03 20:53:15,606 [INFO] main: 2025-07-03 20:53:15.606566，10号房间10号摄像头检测出1人未穿 **coat** 任务执行完成，运行时间为：0.04856395721435547
2025-07-03 20:53:16,748 [INFO] main: 2025-07-03 20:53:16.748703，14号房间14号摄像头检测出1人未穿 **coat** 任务执行完成，运行时间为：0.044269561767578125
2025-07-03 20:53:16,821 [INFO] main: 2025-07-03 20:53:16.821976，4号房间4号摄像头检测出1人未穿 **coat** 任务执行完成，运行时间为：0.03799915313720703
2025-07-03 20:53:17,972 [INFO] main: 2025-07-03 20:53:17.972264，6号房间6号摄像头检测出0人未穿 **coat** 任务执行完成，运行时间为：0.06655263900756836
2025-07-03 20:53:19,091 [INFO] main: 2025-07-03 20:53:19.091343，1号房间1号摄像头检测出1人未穿 **coat** 任务执行完成，运行时间为：0.07774519920349121
2025-07-03 20:53:19,276 [INFO] main: 2025-07-03 20:53:19.276093，8号房间8号摄像头检测出1人未穿 **coat** 任务执行完成，运行时间为：0.09926939010620117
2025-07-03 20:53:19,376 [INFO] main: 2025-07-03 20:53:19.376360，16号房间16号摄像头检测出1人未穿 **coat** 任务执行完成，运行时间为：0.06465482711791992
2025-07-03 20:53:20,474 [INFO] main: 2025-07-03 20:53:20.474566，2号房间2号摄像头检测出1人未穿 **coat** 任务执行完成，运行时间为：0.049755096435546875
2025-07-03 20:53:20,578 [INFO] main: 2025-07-03 20:53:20.578230，18号房间18号摄像头检测出1人未穿 **coat** 任务执行完成，运行时间为：0.06600213050842285
2025-07-03 20:53:20,737 [INFO] main: 2025-07-03 20:53:20.737012，12号房间12号摄像头检测出0人未穿 **coat** 任务执行完成，运行时间为：0.12278437614440918
2025-07-03 20:53:20,786 [INFO] main: 2025-07-03 20:53:20.786787，10号房间10号摄像头检测出0人未穿 **coat** 任务执行完成，运行时间为：0.021999835968017578
2025-07-03 20:53:21,850 [INFO] main: 2025-07-03 20:53:21.850249，14号房间14号摄像头检测出1人未穿 **coat** 任务执行完成，运行时间为：0.032000064849853516
2025-07-03 20:53:21,915 [INFO] main: 2025-07-03 20:53:21.915789，4号房间4号摄像头检测出1人未穿 **coat** 任务执行完成，运行时间为：0.02667689323425293
2025-07-03 20:53:21,988 [INFO] main: 2025-07-03 20:53:21.988001，20号房间20号摄像头检测出1人未穿 **coat** 任务执行完成，运行时间为：0.034604787826538086
2025-07-03 20:53:23,082 [INFO] main: 2025-07-03 20:53:23.082115，6号房间6号摄像头检测出1人未穿 **coat** 任务执行完成，运行时间为：0.03499436378479004
2025-07-03 20:53:23,133 [INFO] main: 2025-07-03 20:53:23.133731，16号房间16号摄像头检测出0人未穿 **coat** 任务执行完成，运行时间为：0.014999866485595703
2025-07-03 20:53:24,212 [INFO] main: 2025-07-03 20:53:24.212004，1号房间1号摄像头检测出1人未穿 **coat** 任务执行完成，运行时间为：0.04671192169189453
2025-07-03 20:53:24,299 [INFO] main: 2025-07-03 20:53:24.299004，8号房间8号摄像头检测出1人未穿 **coat** 任务执行完成，运行时间为：0.0449979305267334
2025-07-03 20:53:25,425 [INFO] main: 2025-07-03 20:53:25.425398，2号房间2号摄像头检测出1人未穿 **coat** 任务执行完成，运行时间为：0.07473254203796387
2025-07-03 20:53:25,540 [INFO] main: 2025-07-03 20:53:25.540564，18号房间18号摄像头检测出0人未穿 **coat** 任务执行完成，运行时间为：0.07756471633911133
2025-07-03 20:53:25,614 [INFO] main: 2025-07-03 20:53:25.614174，10号房间10号摄像头检测出0人未穿 **coat** 任务执行完成，运行时间为：0.04760932922363281
2025-07-03 20:53:26,717 [INFO] main: 2025-07-03 20:53:26.717881，5号房间5号摄像头检测出1人未穿 **coat** 任务执行完成，运行时间为：0.05999016761779785
2025-07-03 20:53:26,839 [INFO] main: 2025-07-03 20:53:26.839477，14号房间14号摄像头检测出0人未穿 **coat** 任务执行完成，运行时间为：0.04600048065185547
2025-07-03 20:53:26,917 [INFO] main: 2025-07-03 20:53:26.917477，4号房间4号摄像头检测出0人未穿 **coat** 任务执行完成，运行时间为：0.04399871826171875
2025-07-03 20:53:26,998 [INFO] main: 2025-07-03 20:53:26.998476，20号房间20号摄像头检测出0人未穿 **coat** 任务执行完成，运行时间为：0.05499911308288574
2025-07-03 20:53:27,079 [INFO] main: 2025-07-03 20:53:27.079478，12号房间12号摄像头检测出0人未穿 **coat** 任务执行完成，运行时间为：0.054999589920043945
2025-07-03 20:53:28,177 [INFO] main: 2025-07-03 20:53:28.177893，6号房间6号摄像头检测出0人未穿 **coat** 任务执行完成，运行时间为：0.05457901954650879
2025-07-03 20:53:29,386 [INFO] main: 2025-07-03 20:53:29.386646，1号房间1号摄像头检测出0人未穿 **coat** 任务执行完成，运行时间为：0.17124485969543457
2025-07-03 20:53:29,465 [INFO] main: 2025-07-03 20:53:29.465421，8号房间8号摄像头检测出0人未穿 **coat** 任务执行完成，运行时间为：0.05006837844848633
2025-07-03 20:53:29,552 [INFO] main: 2025-07-03 20:53:29.552254，16号房间16号摄像头检测出0人未穿 **coat** 任务执行完成，运行时间为：0.059827327728271484
2025-07-03 20:53:29,635 [INFO] main: 2025-07-03 20:53:29.635403，10号房间10号摄像头检测出0人未穿 **coat** 任务执行完成，运行时间为：0.0559687614440918
2025-07-03 20:53:29,706 [INFO] main: 2025-07-03 20:53:29.706404，18号房间18号摄像头检测出0人未穿 **coat** 任务执行完成，运行时间为：0.04400014877319336
2025-07-03 20:53:30,777 [INFO] main: 2025-07-03 20:53:30.777609，2号房间2号摄像头检测出0人未穿 **coat** 任务执行完成，运行时间为：0.03299903869628906
2025-07-03 20:53:30,850 [INFO] main: 2025-07-03 20:53:30.850606，12号房间12号摄像头检测出0人未穿 **coat** 任务执行完成，运行时间为：0.04599928855895996
2025-07-03 20:53:31,936 [INFO] main: 2025-07-03 20:53:31.936372，14号房间14号摄像头检测出0人未穿 **coat** 任务执行完成，运行时间为：0.046578168869018555
2025-07-03 20:53:32,014 [INFO] main: 2025-07-03 20:53:32.014442，5号房间5号摄像头检测出1人未穿 **coat** 任务执行完成，运行时间为：0.05207061767578125
2025-07-03 20:53:32,113 [INFO] main: 2025-07-03 20:53:32.113402，4号房间4号摄像头检测出0人未穿 **coat** 任务执行完成，运行时间为：0.05599164962768555
2025-07-03 20:53:32,189 [INFO] main: 2025-07-03 20:53:32.189745，20号房间20号摄像头检测出1人未穿 **coat** 任务执行完成，运行时间为：0.05166268348693848
2025-07-03 20:53:33,294 [INFO] main: 2025-07-03 20:53:33.294092，6号房间6号摄像头检测出0人未穿 **coat** 任务执行完成，运行时间为：0.05100083351135254
2025-07-03 20:53:33,377 [INFO] main: 2025-07-03 20:53:33.377227，9号房间9号摄像头检测出0人未穿 **coat** 任务执行完成，运行时间为：0.0552213191986084
2025-07-03 20:53:33,452 [INFO] main: 2025-07-03 20:53:33.452414，16号房间16号摄像头检测出1人未穿 **coat** 任务执行完成，运行时间为：0.05000042915344238
2025-07-03 20:53:33,540 [INFO] main: 2025-07-03 20:53:33.540010，8号房间8号摄像头检测出1人未穿 **coat** 任务执行完成，运行时间为：0.048578739166259766
2025-07-03 20:53:34,624 [INFO] main: 2025-07-03 20:53:34.624299，1号房间1号摄像头检测出1人未穿 **coat** 任务执行完成，运行时间为：0.03999805450439453
2025-07-03 20:53:34,689 [INFO] main: 2025-07-03 20:53:34.689956，10号房间10号摄像头检测出0人未穿 **coat** 任务执行完成，运行时间为：0.02864527702331543
2025-07-03 20:53:34,754 [INFO] main: 2025-07-03 20:53:34.754142，18号房间18号摄像头检测出0人未穿 **coat** 任务执行完成，运行时间为：0.028030872344970703
2025-07-03 20:53:34,814 [INFO] main: 2025-07-03 20:53:34.814711，13号房间13号摄像头检测出0人未穿 **coat** 任务执行完成，运行时间为：0.03499436378479004
2025-07-03 20:53:35,894 [INFO] main: 2025-07-03 20:53:35.894894，12号房间12号摄像头检测出0人未穿 **coat** 任务执行完成，运行时间为：0.037592172622680664
2025-07-03 20:53:35,953 [INFO] main: 2025-07-03 20:53:35.953458，2号房间2号摄像头检测出0人未穿 **coat** 任务执行完成，运行时间为：0.03256630897521973
2025-07-03 20:53:37,154 [INFO] main: 2025-07-03 20:53:37.154968，14号房间14号摄像头检测出0人未穿 **coat** 任务执行完成，运行时间为：0.16359496116638184
2025-07-03 20:53:37,216 [INFO] main: 2025-07-03 20:53:37.216966，20号房间20号摄像头检测出0人未穿 **coat** 任务执行完成，运行时间为：0.03499794006347656
2025-07-03 20:53:37,289 [INFO] main: 2025-07-03 20:53:37.289574，5号房间5号摄像头检测出0人未穿 **coat** 任务执行完成，运行时间为：0.04099869728088379
2025-07-03 20:53:37,353 [INFO] main: 2025-07-03 20:53:37.353304，4号房间4号摄像头检测出0人未穿 **coat** 任务执行完成，运行时间为：0.03573131561279297
2025-07-03 20:53:37,423 [INFO] main: 2025-07-03 20:53:37.423006，17号房间17号摄像头检测出0人未穿 **coat** 任务执行完成，运行时间为：0.0417025089263916
2025-07-03 20:53:37,478 [INFO] main: 2025-07-03 20:53:37.478006，9号房间9号摄像头检测出0人未穿 **coat** 任务执行完成，运行时间为：0.027998685836791992
2025-07-03 20:53:37,532 [INFO] main: 2025-07-03 20:53:37.532580，6号房间6号摄像头检测出0人未穿 **coat** 任务执行完成，运行时间为：0.02800154685974121
2025-07-03 20:53:38,616 [INFO] main: 2025-07-03 20:53:38.616537，8号房间8号摄像头检测出1人未穿 **coat** 任务执行完成，运行时间为：0.045999765396118164
2025-07-03 20:53:38,706 [INFO] main: 2025-07-03 20:53:38.706002，3号房间3号摄像头检测出1人未穿 **coat** 任务执行完成，运行时间为：0.05056262016296387
2025-07-03 20:53:38,787 [INFO] main: 2025-07-03 20:53:38.787537，16号房间16号摄像头检测出1人未穿 **coat** 任务执行完成，运行时间为：0.04256844520568848
2025-07-03 20:53:39,873 [INFO] main: 2025-07-03 20:53:39.873738，18号房间18号摄像头检测出0人未穿 **coat** 任务执行完成，运行时间为：0.040999412536621094
2025-07-03 20:53:39,940 [INFO] main: 2025-07-03 20:53:39.940419，10号房间10号摄像头检测出0人未穿 **coat** 任务执行完成，运行时间为：0.03900003433227539
2025-07-03 20:53:40,010 [INFO] main: 2025-07-03 20:53:40.010155，13号房间13号摄像头检测出0人未穿 **coat** 任务执行完成，运行时间为：0.04039502143859863
2025-07-03 20:53:40,076 [INFO] main: 2025-07-03 20:53:40.076164，1号房间1号摄像头检测出0人未穿 **coat** 任务执行完成，运行时间为：0.03800034523010254
2025-07-03 20:53:41,161 [INFO] main: 2025-07-03 20:53:41.161664，11号房间11号摄像头检测出0人未穿 **coat** 任务执行完成，运行时间为：0.04875016212463379
2025-07-03 20:53:41,216 [INFO] main: 2025-07-03 20:53:41.216665，12号房间12号摄像头检测出0人未穿 **coat** 任务执行完成，运行时间为：0.02700185775756836
2025-07-03 20:53:41,276 [INFO] main: 2025-07-03 20:53:41.276942，2号房间2号摄像头检测出0人未穿 **coat** 任务执行完成，运行时间为：0.030025959014892578
