2025-07-03 21:26:51,269 [INFO] main: ============================================================
2025-07-03 21:26:51,269 [INFO] main: 📡  ECNU实验室安全检测系统 启动
2025-07-03 21:26:51,270 [INFO] main: ------------------------------------------------------------
2025-07-03 21:26:51,270 [INFO] main: 👤 当前用户    ：a
2025-07-03 21:26:51,270 [INFO] main: ⏰ 启动时间    ：2025-07-03 21:26:51
2025-07-03 21:26:51,270 [INFO] main: ------------------------------------------------------------
2025-07-03 21:26:51,270 [INFO] main: © 2025 Lab716 · All rights reserved
2025-07-03 21:26:51,270 [INFO] main: ============================================================
2025-07-03 21:26:51,271 [INFO] main: [启动] 摄像头：1
2025-07-03 21:26:51,272 [INFO] main: [启动] 摄像头：2
2025-07-03 21:26:51,273 [INFO] main: [启动] 摄像头：3
2025-07-03 21:26:51,274 [INFO] main: [启动] 摄像头：4
2025-07-03 21:26:51,274 [INFO] main: [启动] 摄像头：5
2025-07-03 21:26:51,275 [INFO] main: [启动] 摄像头：6
2025-07-03 21:26:51,275 [INFO] main: [启动] 摄像头：7
2025-07-03 21:26:51,276 [INFO] main: [启动] 摄像头：8
2025-07-03 21:26:51,277 [INFO] main: [启动] 摄像头：9
2025-07-03 21:26:51,277 [INFO] main: [启动] 摄像头：10
2025-07-03 21:26:51,278 [INFO] main: [启动] 摄像头：11
2025-07-03 21:26:51,279 [INFO] main: [启动] 摄像头：12
2025-07-03 21:26:51,280 [INFO] main: [启动] 摄像头：13
2025-07-03 21:26:51,280 [INFO] main: [启动] 摄像头：14
2025-07-03 21:26:51,281 [INFO] main: [启动] 摄像头：15
2025-07-03 21:26:51,282 [INFO] main: [启动] 摄像头：16
2025-07-03 21:26:51,282 [INFO] main: [启动] 摄像头：17
2025-07-03 21:26:51,283 [INFO] main: [启动] 摄像头：18
2025-07-03 21:26:51,284 [INFO] main: [启动] 摄像头：19
2025-07-03 21:26:51,295 [INFO] main: [启动] 摄像头：20
2025-07-03 21:26:55,056 [INFO] main: 2025-07-03 21:26:55.056097，1号房间1号摄像头检测出1人未穿 **coat** 任务执行完成，运行时间为：0.4884152412414551
2025-07-03 21:26:56,166 [INFO] main: 2025-07-03 21:26:56.166992，2号房间2号摄像头检测出0人未穿 **coat** 任务执行完成，运行时间为：0.024605989456176758
2025-07-03 21:26:57,225 [INFO] main: 2025-07-03 21:26:57.225869，4号房间4号摄像头检测出0人未穿 **coat** 任务执行完成，运行时间为：0.02299332618713379
2025-07-03 21:26:58,301 [INFO] main: 2025-07-03 21:26:58.301697，6号房间6号摄像头检测出0人未穿 **coat** 任务执行完成，运行时间为：0.03899240493774414
2025-07-03 21:26:59,398 [INFO] main: 2025-07-03 21:26:59.398773，1号房间1号摄像头检测出1人未穿 **coat** 任务执行完成，运行时间为：0.06223630905151367
2025-07-03 21:26:59,531 [INFO] main: 2025-07-03 21:26:59.531774，8号房间8号摄像头检测出1人未穿 **coat** 任务执行完成，运行时间为：0.05499911308288574
2025-07-03 21:27:00,678 [INFO] main: 2025-07-03 21:27:00.678951，10号房间10号摄像头检测出0人未穿 **coat** 任务执行完成，运行时间为：0.0591425895690918
2025-07-03 21:27:00,771 [INFO] main: 2025-07-03 21:27:00.771529，2号房间2号摄像头检测出1人未穿 **coat** 任务执行完成，运行时间为：0.06592965126037598
2025-07-03 21:27:01,928 [INFO] main: 2025-07-03 21:27:01.928916，4号房间4号摄像头检测出0人未穿 **coat** 任务执行完成，运行时间为：0.06450653076171875
2025-07-03 21:27:02,028 [INFO] main: 2025-07-03 21:27:02.028068，12号房间12号摄像头检测出0人未穿 **coat** 任务执行完成，运行时间为：0.0711507797241211
2025-07-03 21:27:03,203 [INFO] main: 2025-07-03 21:27:03.203141，6号房间6号摄像头检测出0人未穿 **coat** 任务执行完成，运行时间为：0.13126301765441895
2025-07-03 21:27:03,332 [INFO] main: 2025-07-03 21:27:03.332141，14号房间14号摄像头检测出1人未穿 **coat** 任务执行完成，运行时间为：0.10400032997131348
2025-07-03 21:27:04,457 [INFO] main: 2025-07-03 21:27:04.457830，1号房间1号摄像头检测出1人未穿 **coat** 任务执行完成，运行时间为：0.03400063514709473
2025-07-03 21:27:04,554 [INFO] main: 2025-07-03 21:27:04.554829，8号房间8号摄像头检测出0人未穿 **coat** 任务执行完成，运行时间为：0.017001628875732422
2025-07-03 21:27:04,608 [INFO] main: 2025-07-03 21:27:04.608412，16号房间16号摄像头检测出1人未穿 **coat** 任务执行完成，运行时间为：0.026584148406982422
2025-07-03 21:27:05,745 [INFO] main: 2025-07-03 21:27:05.745943，18号房间18号摄像头检测出0人未穿 **coat** 任务执行完成，运行时间为：0.03400015830993652
2025-07-03 21:27:05,804 [INFO] main: 2025-07-03 21:27:05.804513，2号房间2号摄像头检测出1人未穿 **coat** 任务执行完成，运行时间为：0.0335688591003418
2025-07-03 21:27:05,867 [INFO] main: 2025-07-03 21:27:05.867514，10号房间10号摄像头检测出1人未穿 **coat** 任务执行完成，运行时间为：0.024993181228637695
2025-07-03 21:27:06,962 [INFO] main: 2025-07-03 21:27:06.962995，4号房间4号摄像头检测出1人未穿 **coat** 任务执行完成，运行时间为：0.0440974235534668
2025-07-03 21:27:07,045 [INFO] main: 2025-07-03 21:27:07.044631，20号房间20号摄像头检测出0人未穿 **coat** 任务执行完成，运行时间为：0.04205656051635742
2025-07-03 21:27:07,114 [INFO] main: 2025-07-03 21:27:07.114632，12号房间12号摄像头检测出1人未穿 **coat** 任务执行完成，运行时间为：0.039998769760131836
2025-07-03 21:27:08,213 [INFO] main: 2025-07-03 21:27:08.213598，6号房间6号摄像头检测出0人未穿 **coat** 任务执行完成，运行时间为：0.046257972717285156
2025-07-03 21:27:08,289 [INFO] main: 2025-07-03 21:27:08.289600，14号房间14号摄像头检测出1人未穿 **coat** 任务执行完成，运行时间为：0.050000905990600586
2025-07-03 21:27:09,400 [INFO] main: 2025-07-03 21:27:09.400981，1号房间1号摄像头检测出0人未穿 **coat** 任务执行完成，运行时间为：0.05837368965148926
2025-07-03 21:27:09,512 [INFO] main: 2025-07-03 21:27:09.512982，8号房间8号摄像头检测出1人未穿 **coat** 任务执行完成，运行时间为：0.0839996337890625
2025-07-03 21:27:09,647 [INFO] main: 2025-07-03 21:27:09.647224，16号房间16号摄像头检测出0人未穿 **coat** 任务执行完成，运行时间为：0.051877498626708984
2025-07-03 21:27:10,907 [INFO] main: 2025-07-03 21:27:10.907459，18号房间18号摄像头检测出1人未穿 **coat** 任务执行完成，运行时间为：0.22974061965942383
2025-07-03 21:27:11,007 [INFO] main: 2025-07-03 21:27:11.007027，2号房间2号摄像头检测出0人未穿 **coat** 任务执行完成，运行时间为：0.02056121826171875
2025-07-03 21:27:11,063 [INFO] main: 2025-07-03 21:27:11.063027，10号房间10号摄像头检测出0人未穿 **coat** 任务执行完成，运行时间为：0.030999183654785156
2025-07-03 21:27:12,133 [INFO] main: 2025-07-03 21:27:12.133647，5号房间5号摄像头检测出1人未穿 **coat** 任务执行完成，运行时间为：0.03299999237060547
2025-07-03 21:27:12,233 [INFO] main: 2025-07-03 21:27:12.232805，4号房间4号摄像头检测出0人未穿 **coat** 任务执行完成，运行时间为：0.020999431610107422
2025-07-03 21:27:12,285 [INFO] main: 2025-07-03 21:27:12.285165，20号房间20号摄像头检测出1人未穿 **coat** 任务执行完成，运行时间为：0.02599811553955078
2025-07-03 21:27:12,345 [INFO] main: 2025-07-03 21:27:12.345695，12号房间12号摄像头检测出0人未穿 **coat** 任务执行完成，运行时间为：0.02346062660217285
2025-07-03 21:27:13,419 [INFO] main: 2025-07-03 21:27:13.419310，6号房间6号摄像头检测出0人未穿 **coat** 任务执行完成，运行时间为：0.03362298011779785
2025-07-03 21:27:13,492 [INFO] main: 2025-07-03 21:27:13.492267，14号房间14号摄像头检测出0人未穿 **coat** 任务执行完成，运行时间为：0.044165849685668945
2025-07-03 21:27:14,589 [INFO] main: 2025-07-03 21:27:14.589079，1号房间1号摄像头检测出1人未穿 **coat** 任务执行完成，运行时间为：0.056484222412109375
2025-07-03 21:27:14,676 [INFO] main: 2025-07-03 21:27:14.676753，8号房间8号摄像头检测出0人未穿 **coat** 任务执行完成，运行时间为：0.05255007743835449
2025-07-03 21:27:14,752 [INFO] main: 2025-07-03 21:27:14.752860，16号房间16号摄像头检测出1人未穿 **coat** 任务执行完成，运行时间为：0.05099129676818848
2025-07-03 21:27:15,840 [INFO] main: 2025-07-03 21:27:15.840366，18号房间18号摄像头检测出0人未穿 **coat** 任务执行完成，运行时间为：0.04449009895324707
2025-07-03 21:27:15,933 [INFO] main: 2025-07-03 21:27:15.933923，10号房间10号摄像头检测出0人未穿 **coat** 任务执行完成，运行时间为：0.06448864936828613
2025-07-03 21:27:16,007 [INFO] main: 2025-07-03 21:27:16.007934，2号房间2号摄像头检测出0人未穿 **coat** 任务执行完成，运行时间为：0.04750347137451172
2025-07-03 21:27:17,122 [INFO] main: 2025-07-03 21:27:17.122286，20号房间20号摄像头检测出0人未穿 **coat** 任务执行完成，运行时间为：0.07513833045959473
2025-07-03 21:27:17,214 [INFO] main: 2025-07-03 21:27:17.214919，9号房间9号摄像头检测出0人未穿 **coat** 任务执行完成，运行时间为：0.06106233596801758
2025-07-03 21:27:17,332 [INFO] main: 2025-07-03 21:27:17.332399，5号房间5号摄像头检测出0人未穿 **coat** 任务执行完成，运行时间为：0.08548831939697266
2025-07-03 21:27:17,412 [INFO] main: 2025-07-03 21:27:17.412231，4号房间4号摄像头检测出0人未穿 **coat** 任务执行完成，运行时间为：0.05373072624206543
2025-07-03 21:27:17,516 [INFO] main: 2025-07-03 21:27:17.516354，12号房间12号摄像头检测出0人未穿 **coat** 任务执行完成，运行时间为：0.07726311683654785
2025-07-03 21:27:18,584 [INFO] main: 2025-07-03 21:27:18.584188，6号房间6号摄像头检测出0人未穿 **coat** 任务执行完成，运行时间为：0.04012346267700195
2025-07-03 21:27:18,685 [INFO] main: 2025-07-03 21:27:18.685998，14号房间14号摄像头检测出0人未穿 **coat** 任务执行完成，运行时间为：0.06760549545288086
2025-07-03 21:27:19,780 [INFO] main: 2025-07-03 21:27:19.780034，1号房间1号摄像头检测出0人未穿 **coat** 任务执行完成，运行时间为：0.06233978271484375
2025-07-03 21:27:19,869 [INFO] main: 2025-07-03 21:27:19.869599，8号房间8号摄像头检测出0人未穿 **coat** 任务执行完成，运行时间为：0.06356382369995117
2025-07-03 21:27:19,950 [INFO] main: 2025-07-03 21:27:19.950595，16号房间16号摄像头检测出0人未穿 **coat** 任务执行完成，运行时间为：0.051999568939208984
2025-07-03 21:27:20,029 [INFO] main: 2025-07-03 21:27:20.029561，13号房间13号摄像头检测出1人未穿 **coat** 任务执行完成，运行时间为：0.051964759826660156
2025-07-03 21:27:21,120 [INFO] main: 2025-07-03 21:27:21.120746，2号房间2号摄像头检测出0人未穿 **coat** 任务执行完成，运行时间为：0.04999947547912598
2025-07-03 21:27:21,200 [INFO] main: 2025-07-03 21:27:21.200346，10号房间10号摄像头检测出0人未穿 **coat** 任务执行完成，运行时间为：0.044599056243896484
2025-07-03 21:27:21,273 [INFO] main: 2025-07-03 21:27:21.273975，18号房间18号摄像头检测出0人未穿 **coat** 任务执行完成，运行时间为：0.045572757720947266
2025-07-03 21:27:22,344 [INFO] main: 2025-07-03 21:27:22.344276，4号房间4号摄像头检测出0人未穿 **coat** 任务执行完成，运行时间为：0.03149914741516113
2025-07-03 21:27:22,427 [INFO] main: 2025-07-03 21:27:22.427080，5号房间5号摄像头检测出1人未穿 **coat** 任务执行完成，运行时间为：0.05879640579223633
2025-07-03 21:27:22,505 [INFO] main: 2025-07-03 21:27:22.505075，9号房间9号摄像头检测出0人未穿 **coat** 任务执行完成，运行时间为：0.03799939155578613
2025-07-03 21:27:22,580 [INFO] main: 2025-07-03 21:27:22.580629，20号房间20号摄像头检测出0人未穿 **coat** 任务执行完成，运行时间为：0.047998905181884766
2025-07-03 21:27:22,660 [INFO] main: 2025-07-03 21:27:22.660761，12号房间12号摄像头检测出0人未穿 **coat** 任务执行完成，运行时间为：0.05613231658935547
2025-07-03 21:27:22,726 [INFO] main: 2025-07-03 21:27:22.726320，14号房间14号摄像头检测出0人未穿 **coat** 任务执行完成，运行时间为：0.03853917121887207
2025-07-03 21:27:23,813 [INFO] main: 2025-07-03 21:27:23.813793，6号房间6号摄像头检测出0人未穿 **coat** 任务执行完成，运行时间为：0.052001237869262695
2025-07-03 21:27:25,100 [INFO] main: 2025-07-03 21:27:25.100485，1号房间1号摄像头检测出0人未穿 **coat** 任务执行完成，运行时间为：0.2451319694519043
2025-07-03 21:27:25,157 [INFO] main: 2025-07-03 21:27:25.157057，8号房间8号摄像头检测出0人未穿 **coat** 任务执行完成，运行时间为：0.03159928321838379
2025-07-03 21:27:25,212 [INFO] main: 2025-07-03 21:27:25.212662，16号房间16号摄像头检测出0人未穿 **coat** 任务执行完成，运行时间为：0.02900099754333496
2025-07-03 21:27:25,269 [INFO] main: 2025-07-03 21:27:25.269262，13号房间13号摄像头检测出0人未穿 **coat** 任务执行完成，运行时间为：0.029999256134033203
2025-07-03 21:27:26,330 [INFO] main: 2025-07-03 21:27:26.330024，2号房间2号摄像头检测出0人未穿 **coat** 任务执行完成，运行时间为：0.02283024787902832
2025-07-03 21:27:26,385 [INFO] main: 2025-07-03 21:27:26.385763，17号房间17号摄像头检测出0人未穿 **coat** 任务执行完成，运行时间为：0.02873086929321289
2025-07-03 21:27:26,451 [INFO] main: 2025-07-03 21:27:26.451711，12号房间12号摄像头检测出1人未穿 **coat** 任务执行完成，运行时间为：0.039124250411987305
2025-07-03 21:27:26,514 [INFO] main: 2025-07-03 21:27:26.514709，10号房间10号摄像头检测出0人未穿 **coat** 任务执行完成，运行时间为：0.023999691009521484
2025-07-03 21:27:26,586 [INFO] main: 2025-07-03 21:27:26.586600，18号房间18号摄像头检测出1人未穿 **coat** 任务执行完成，运行时间为：0.046890974044799805
2025-07-03 21:27:27,707 [INFO] main: 2025-07-03 21:27:27.707883，14号房间14号摄像头检测出0人未穿 **coat** 任务执行完成，运行时间为：0.03558540344238281
2025-07-03 21:27:27,775 [INFO] main: 2025-07-03 21:27:27.775193，5号房间5号摄像头检测出1人未穿 **coat** 任务执行完成，运行时间为：0.037311553955078125
2025-07-03 21:27:27,847 [INFO] main: 2025-07-03 21:27:27.847776，4号房间4号摄像头检测出1人未穿 **coat** 任务执行完成，运行时间为：0.03699946403503418
2025-07-03 21:27:27,952 [INFO] main: 2025-07-03 21:27:27.952642，9号房间9号摄像头检测出0人未穿 **coat** 任务执行完成，运行时间为：0.026543617248535156
2025-07-03 21:27:28,016 [INFO] main: 2025-07-03 21:27:28.016642，20号房间20号摄像头检测出1人未穿 **coat** 任务执行完成，运行时间为：0.03699946403503418
2025-07-03 21:27:29,117 [INFO] main: 2025-07-03 21:27:29.117100，13号房间13号摄像头检测出1人未穿 **coat** 任务执行完成，运行时间为：0.05813145637512207
2025-07-03 21:27:29,238 [INFO] main: 2025-07-03 21:27:29.238303，6号房间6号摄像头检测出2人未穿 **coat** 任务执行完成，运行时间为：0.08514809608459473
2025-07-03 21:27:29,336 [INFO] main: 2025-07-03 21:27:29.336884，16号房间16号摄像头检测出0人未穿 **coat** 任务执行完成，运行时间为：0.05999875068664551
2025-07-03 21:27:29,419 [INFO] main: 2025-07-03 21:27:29.419606，8号房间8号摄像头检测出1人未穿 **coat** 任务执行完成，运行时间为：0.055083274841308594
2025-07-03 21:27:30,553 [INFO] main: 2025-07-03 21:27:30.553097，18号房间18号摄像头检测出0人未穿 **coat** 任务执行完成，运行时间为：0.04199981689453125
2025-07-03 21:27:30,631 [INFO] main: 2025-07-03 21:27:30.631097，10号房间10号摄像头检测出1人未穿 **coat** 任务执行完成，运行时间为：0.049999237060546875
2025-07-03 21:27:30,721 [INFO] main: 2025-07-03 21:27:30.721167，3号房间3号摄像头检测出1人未穿 **coat** 任务执行完成，运行时间为：0.05250072479248047
2025-07-03 21:27:30,816 [INFO] main: 2025-07-03 21:27:30.816168，17号房间17号摄像头检测出0人未穿 **coat** 任务执行完成，运行时间为：0.053999900817871094
2025-07-03 21:27:30,890 [INFO] main: 2025-07-03 21:27:30.890168，1号房间1号摄像头检测出0人未穿 **coat** 任务执行完成，运行时间为：0.03999972343444824
2025-07-03 21:27:31,977 [INFO] main: 2025-07-03 21:27:31.977115，20号房间20号摄像头检测出0人未穿 **coat** 任务执行完成，运行时间为：0.04857158660888672
2025-07-03 21:27:32,071 [INFO] main: 2025-07-03 21:27:32.071347，12号房间12号摄像头检测出1人未穿 **coat** 任务执行完成，运行时间为：0.06571173667907715
2025-07-03 21:27:32,173 [INFO] main: 2025-07-03 21:27:32.173052，2号房间2号摄像头检测出1人未穿 **coat** 任务执行完成，运行时间为：0.0610051155090332
2025-07-03 21:27:32,262 [INFO] main: 2025-07-03 21:27:32.262874，9号房间9号摄像头检测出0人未穿 **coat** 任务执行完成，运行时间为：0.05157279968261719
2025-07-03 21:27:33,377 [INFO] main: 2025-07-03 21:27:33.377198，6号房间6号摄像头检测出0人未穿 **coat** 任务执行完成，运行时间为：0.07399916648864746
2025-07-03 21:27:33,472 [INFO] main: 2025-07-03 21:27:33.472586，11号房间11号摄像头检测出0人未穿 **coat** 任务执行完成，运行时间为：0.06878280639648438
2025-07-03 21:27:33,547 [INFO] main: 2025-07-03 21:27:33.547585，14号房间14号摄像头检测出0人未穿 **coat** 任务执行完成，运行时间为：0.04499220848083496
2025-07-03 21:27:33,626 [INFO] main: 2025-07-03 21:27:33.626586，5号房间5号摄像头检测出1人未穿 **coat** 任务执行完成，运行时间为：0.04999876022338867
2025-07-03 21:27:33,751 [INFO] main: 2025-07-03 21:27:33.750772，4号房间4号摄像头检测出0人未穿 **coat** 任务执行完成，运行时间为：0.03899860382080078
2025-07-03 21:27:34,835 [INFO] main: 2025-07-03 21:27:34.835283，1号房间1号摄像头检测出0人未穿 **coat** 任务执行完成，运行时间为：0.03799152374267578
2025-07-03 21:27:34,901 [INFO] main: 2025-07-03 21:27:34.901425，16号房间16号摄像头检测出0人未穿 **coat** 任务执行完成，运行时间为：0.04100656509399414
2025-07-03 21:27:34,973 [INFO] main: 2025-07-03 21:27:34.973508，8号房间8号摄像头检测出0人未穿 **coat** 任务执行完成，运行时间为：0.04208207130432129
2025-07-03 21:27:35,069 [INFO] main: 2025-07-03 21:27:35.069303，13号房间13号摄像头检测出1人未穿 **coat** 任务执行完成，运行时间为：0.06711912155151367
2025-07-03 21:27:36,167 [INFO] main: 2025-07-03 21:27:36.167109，3号房间3号摄像头检测出0人未穿 **coat** 任务执行完成，运行时间为：0.052628278732299805
2025-07-03 21:27:36,249 [INFO] main: 2025-07-03 21:27:36.249397，18号房间18号摄像头检测出0人未穿 **coat** 任务执行完成，运行时间为：0.040943145751953125
2025-07-03 21:27:36,330 [INFO] main: 2025-07-03 21:27:36.330110，2号房间2号摄像头检测出0人未穿 **coat** 任务执行完成，运行时间为：0.05246281623840332
2025-07-03 21:27:36,409 [INFO] main: 2025-07-03 21:27:36.409955，10号房间10号摄像头检测出0人未穿 **coat** 任务执行完成，运行时间为：0.050528526306152344
2025-07-03 21:27:36,504 [INFO] main: 2025-07-03 21:27:36.504209，17号房间17号摄像头检测出1人未穿 **coat** 任务执行完成，运行时间为：0.0667417049407959
2025-07-03 21:27:36,587 [INFO] main: 2025-07-03 21:27:36.587210，12号房间12号摄像头检测出0人未穿 **coat** 任务执行完成，运行时间为：0.0449984073638916
2025-07-03 21:27:37,681 [INFO] main: 2025-07-03 21:27:37.681453，5号房间5号摄像头检测出0人未穿 **coat** 任务执行完成，运行时间为：0.05596470832824707
2025-07-03 21:27:37,754 [INFO] main: 2025-07-03 21:27:37.754009，4号房间4号摄像头检测出0人未穿 **coat** 任务执行完成，运行时间为：0.04399824142456055
2025-07-03 21:27:37,827 [INFO] main: 2025-07-03 21:27:37.827010，14号房间14号摄像头检测出0人未穿 **coat** 任务执行完成，运行时间为：0.04499053955078125
2025-07-03 21:27:37,908 [INFO] main: 2025-07-03 21:27:37.908597，9号房间9号摄像头检测出0人未穿 **coat** 任务执行完成，运行时间为：0.05058574676513672
2025-07-03 21:27:37,989 [INFO] main: 2025-07-03 21:27:37.989364，20号房间20号摄像头检测出0人未穿 **coat** 任务执行完成，运行时间为：0.05376744270324707
2025-07-03 21:27:39,078 [INFO] main: 2025-07-03 21:27:39.078004，6号房间6号摄像头检测出0人未穿 **coat** 任务执行完成，运行时间为：0.04867863655090332
2025-07-03 21:27:39,160 [INFO] main: 2025-07-03 21:27:39.160006，11号房间11号摄像头检测出0人未穿 **coat** 任务执行完成，运行时间为：0.04900217056274414
2025-07-03 21:27:39,239 [INFO] main: 2025-07-03 21:27:39.239635，13号房间13号摄像头检测出0人未穿 **coat** 任务执行完成，运行时间为：0.053919076919555664
2025-07-03 21:27:40,332 [INFO] main: 2025-07-03 21:27:40.332321，1号房间1号摄像头检测出0人未穿 **coat** 任务执行完成，运行时间为：0.05359005928039551
2025-07-03 21:27:40,393 [INFO] main: 2025-07-03 21:27:40.393941，19号房间19号摄像头检测出0人未穿 **coat** 任务执行完成，运行时间为：0.03661942481994629
2025-07-03 21:27:40,480 [INFO] main: 2025-07-03 21:27:40.480500，8号房间8号摄像头检测出0人未穿 **coat** 任务执行完成，运行时间为：0.05856060981750488
2025-07-03 21:27:40,573 [INFO] main: 2025-07-03 21:27:40.573092，16号房间16号摄像头检测出0人未穿 **coat** 任务执行完成，运行时间为：0.06800127029418945
2025-07-03 21:27:40,649 [INFO] main: 2025-07-03 21:27:40.649501，17号房间17号摄像头检测出0人未穿 **coat** 任务执行完成，运行时间为：0.0475926399230957
2025-07-03 21:27:41,749 [INFO] main: 2025-07-03 21:27:41.749891，12号房间12号摄像头检测出0人未穿 **coat** 任务执行完成，运行时间为：0.06667160987854004
2025-07-03 21:27:41,844 [INFO] main: 2025-07-03 21:27:41.844930，2号房间2号摄像头检测出0人未穿 **coat** 任务执行完成，运行时间为：0.06828784942626953
2025-07-03 21:27:41,905 [INFO] main: 2025-07-03 21:27:41.905196，18号房间18号摄像头检测出0人未穿 **coat** 任务执行完成，运行时间为：0.031267404556274414
2025-07-03 21:27:41,975 [INFO] main: 2025-07-03 21:27:41.975272，10号房间10号摄像头检测出0人未穿 **coat** 任务执行完成，运行时间为：0.04065656661987305
2025-07-03 21:27:42,067 [INFO] main: 2025-07-03 21:27:42.067186，3号房间3号摄像头检测出0人未穿 **coat** 任务执行完成，运行时间为：0.06595683097839355
2025-07-03 21:27:43,164 [INFO] main: 2025-07-03 21:27:43.164432，14号房间14号摄像头检测出0人未穿 **coat** 任务执行完成，运行时间为：0.051001548767089844
2025-07-03 21:27:43,251 [INFO] main: 2025-07-03 21:27:43.251399，5号房间5号摄像头检测出0人未穿 **coat** 任务执行完成，运行时间为：0.062398672103881836
2025-07-03 21:27:43,328 [INFO] main: 2025-07-03 21:27:43.328185，4号房间4号摄像头检测出0人未穿 **coat** 任务执行完成，运行时间为：0.050931453704833984
2025-07-03 21:27:43,418 [INFO] main: 2025-07-03 21:27:43.418784，11号房间11号摄像头检测出0人未穿 **coat** 任务执行完成，运行时间为：0.057601213455200195
2025-07-03 21:27:43,501 [INFO] main: 2025-07-03 21:27:43.501179，9号房间9号摄像头检测出0人未穿 **coat** 任务执行完成，运行时间为：0.0574488639831543
2025-07-03 21:27:43,582 [INFO] main: 2025-07-03 21:27:43.582178，6号房间6号摄像头检测出0人未穿 **coat** 任务执行完成，运行时间为：0.04999732971191406
2025-07-03 21:27:43,648 [INFO] main: 2025-07-03 21:27:43.648178，20号房间20号摄像头检测出0人未穿 **coat** 任务执行完成，运行时间为：0.03599858283996582
2025-07-03 21:27:44,744 [INFO] main: 2025-07-03 21:27:44.744192，8号房间8号摄像头检测出0人未穿 **coat** 任务执行完成，运行时间为：0.0637502670288086
2025-07-03 21:27:44,810 [INFO] main: 2025-07-03 21:27:44.810706，19号房间19号摄像头检测出0人未穿 **coat** 任务执行完成，运行时间为：0.038002729415893555
2025-07-03 21:27:44,886 [INFO] main: 2025-07-03 21:27:44.886702，16号房间16号摄像头检测出0人未穿 **coat** 任务执行完成，运行时间为：0.04399919509887695
2025-07-03 21:27:44,956 [INFO] main: 2025-07-03 21:27:44.956319，1号房间1号摄像头检测出0人未穿 **coat** 任务执行完成，运行时间为：0.0409998893737793
2025-07-03 21:27:45,043 [INFO] main: 2025-07-03 21:27:45.043936，15号房间15号摄像头检测出0人未穿 **coat** 任务执行完成，运行时间为：0.05979156494140625
2025-07-03 21:27:45,130 [INFO] main: 2025-07-03 21:27:45.130687，13号房间13号摄像头检测出0人未穿 **coat** 任务执行完成，运行时间为：0.05763673782348633
